Flutter crash report.
Please report a bug at https://github.com/flutter/flutter/issues.

## command

flutter run

## exception

FileSystemException: FileSystemException: writeFrom failed, path = '/tmp/flutter_tools.ECAQTI/flutter_tools.APRDWA/web_entrypoint.dart' (OS Error: No space left on device, errno = 28)

```
#0      _RandomAccessFile.writeFromSync (dart:io/file_impl.dart:870:7)
#1      _File.writeAsBytesSync (dart:io/file_impl.dart:606:14)
#2      _File.writeAsStringSync (dart:io/file_impl.dart:628:5)
#3      ForwardingFile.writeAsStringSync (package:file/src/forwarding/forwarding_file.dart:147:16)
#4      ResidentWebRunner._generateEntrypoint (package:flutter_tools/src/isolated/resident_web_runner.dart:714:14)
<asynchronous suspension>
#5      ResidentWebRunner._updateDevFS (package:flutter_tools/src/isolated/resident_web_runner.dart:740:16)
<asynchronous suspension>
#6      ResidentWebRunner.run.<anonymous closure> (package:flutter_tools/src/isolated/resident_web_runner.dart:522:41)
<asynchronous suspension>
#7      asyncGuard.<anonymous closure> (package:flutter_tools/src/base/async_guard.dart:111:24)
<asynchronous suspension>
```

## flutter doctor

```
[✓] Flutter (Channel stable, 2.2.1, on Linux, locale en_US.utf8)
    • Flutter version 2.2.1 at /home/lbanyols/snap/flutter/common/flutter
    • Framework revision 02c026b03c (5 months ago), 2021-05-27 12:24:44 -0700
    • Engine revision 0fdb562ac8
    • Dart version 2.13.1

[!] Android toolchain - develop for Android devices (Android SDK version 31.0.0)
    • Android SDK at /home/lbanyols/Android/Sdk
    • Platform android-31, build-tools 31.0.0
    • Java binary at:
      /var/lib/snapd/snap/android-studio/115/android-studio/jre/bin/java
    • Java version    54724
    ✗ Android license status unknown.
      Run `flutter doctor --android-licenses` to accept the SDK licenses.
      See https://flutter.dev/docs/get-started/install/linux#android-setup for more
      details.

[✓] Chrome - develop for the web
    • Chrome at google-chrome

[✓] Linux toolchain - develop for Linux desktop
    • clang version 6.0.0-1ubuntu2 (tags/RELEASE_600/final)
    • cmake version 3.10.2
    • ninja version 1.8.2
    • pkg-config version 0.29.1

[✓] Android Studio (version 2020.3)
    • Android Studio at /var/lib/snapd/snap/android-studio/115/android-studio
    • Flutter plugin version 61.2.2
    • Dart plugin version 203.8430
    • Java version    54689

[✓] VS Code (version 1.61.0)
    • VS Code at /usr/share/code
    • Flutter extension version 3.27.0

[✓] Connected device (2 available)
    • Linux (desktop) • linux  • linux-x64      • Linux
    • Chrome (web)    • chrome • web-javascript • Google Chrome 94.0.4606.81

! Doctor found issues in 1 category.
```
